<?xml version="1.0" encoding="UTF-8"?>
<testsuite xmlns:xsi="http://www.w3.org/2001/XMLSchema-instance" xsi:noNamespaceSchemaLocation="https://maven.apache.org/surefire/maven-surefire-plugin/xsd/surefire-test-report.xsd" name="TestSuite" time="103.516" tests="39" errors="0" skipped="7" failures="2">
  <properties>
    <property name="sun.desktop" value="windows"/>
    <property name="awt.toolkit" value="sun.awt.windows.WToolkit"/>
    <property name="file.encoding.pkg" value="sun.io"/>
    <property name="java.specification.version" value="1.8"/>
    <property name="webdriver.chrome.driver" value="C:\Users\sachintaw\IdeaProjects\ToolsQA\src\main\resources\drivers\chromedriver.exe"/>
    <property name="sun.cpu.isalist" value="pentium_pro+mmx pentium_pro pentium+mmx pentium i486 i386 i86"/>
    <property name="sun.jnu.encoding" value="Cp1252"/>
    <property name="java.class.path" value="C:\Program Files\JetBrains\IntelliJ IDEA Community Edition 2020.1\plugins\maven\lib\maven3\boot\plexus-classworlds-2.6.0.jar;C:\Program Files\JetBrains\IntelliJ IDEA Community Edition 2020.1\plugins\maven\lib\maven3\boot\plexus-classworlds.license;C:\Program Files\JetBrains\IntelliJ IDEA Community Edition 2020.1\lib\idea_rt.jar"/>
    <property name="java.vm.vendor" value="Oracle Corporation"/>
    <property name="sun.arch.data.model" value="32"/>
    <property name="user.variant" value=""/>
    <property name="java.vendor.url" value="http://java.oracle.com/"/>
    <property name="user.timezone" value="Asia/Calcutta"/>
    <property name="maven.conf" value="C:\Program Files\JetBrains\IntelliJ IDEA Community Edition 2020.1\plugins\maven\lib\maven3/conf"/>
    <property name="os.name" value="Windows 10"/>
    <property name="java.vm.specification.version" value="1.8"/>
    <property name="user.country" value="US"/>
    <property name="sun.java.launcher" value="SUN_STANDARD"/>
    <property name="sun.boot.library.path" value="C:\Program Files (x86)\Java\jdk1.8.0_171\jre\bin"/>
    <property name="sun.java.command" value="org.codehaus.classworlds.Launcher -Didea.version=2021.2.2 clean install"/>
    <property name="maven.home" value="C:\Program Files\JetBrains\IntelliJ IDEA Community Edition 2020.1\plugins\maven\lib\maven3"/>
    <property name="surefire.test.class.path" value="C:\Users\sachintaw\IdeaProjects\ToolsQA\target\test-classes;C:\Users\sachintaw\IdeaProjects\ToolsQA\target\classes;C:\Users\sachintaw\.m2\repository\org\seleniumhq\selenium\selenium-java\3.141.59\selenium-java-3.141.59.jar;C:\Users\sachintaw\.m2\repository\org\seleniumhq\selenium\selenium-api\3.141.59\selenium-api-3.141.59.jar;C:\Users\sachintaw\.m2\repository\org\seleniumhq\selenium\selenium-chrome-driver\3.141.59\selenium-chrome-driver-3.141.59.jar;C:\Users\sachintaw\.m2\repository\org\seleniumhq\selenium\selenium-edge-driver\3.141.59\selenium-edge-driver-3.141.59.jar;C:\Users\sachintaw\.m2\repository\org\seleniumhq\selenium\selenium-firefox-driver\3.141.59\selenium-firefox-driver-3.141.59.jar;C:\Users\sachintaw\.m2\repository\org\seleniumhq\selenium\selenium-ie-driver\3.141.59\selenium-ie-driver-3.141.59.jar;C:\Users\sachintaw\.m2\repository\org\seleniumhq\selenium\selenium-opera-driver\3.141.59\selenium-opera-driver-3.141.59.jar;C:\Users\sachintaw\.m2\repository\org\seleniumhq\selenium\selenium-remote-driver\3.141.59\selenium-remote-driver-3.141.59.jar;C:\Users\sachintaw\.m2\repository\org\seleniumhq\selenium\selenium-safari-driver\3.141.59\selenium-safari-driver-3.141.59.jar;C:\Users\sachintaw\.m2\repository\org\seleniumhq\selenium\selenium-support\3.141.59\selenium-support-3.141.59.jar;C:\Users\sachintaw\.m2\repository\net\bytebuddy\byte-buddy\1.8.15\byte-buddy-1.8.15.jar;C:\Users\sachintaw\.m2\repository\org\apache\commons\commons-exec\1.3\commons-exec-1.3.jar;C:\Users\sachintaw\.m2\repository\com\google\guava\guava\25.0-jre\guava-25.0-jre.jar;C:\Users\sachintaw\.m2\repository\com\google\code\findbugs\jsr305\1.3.9\jsr305-1.3.9.jar;C:\Users\sachintaw\.m2\repository\org\checkerframework\checker-compat-qual\2.0.0\checker-compat-qual-2.0.0.jar;C:\Users\sachintaw\.m2\repository\com\google\errorprone\error_prone_annotations\2.1.3\error_prone_annotations-2.1.3.jar;C:\Users\sachintaw\.m2\repository\com\google\j2objc\j2objc-annotations\1.1\j2objc-annotations-1.1.jar;C:\Users\sachintaw\.m2\repository\org\codehaus\mojo\animal-sniffer-annotations\1.14\animal-sniffer-annotations-1.14.jar;C:\Users\sachintaw\.m2\repository\com\squareup\okhttp3\okhttp\3.11.0\okhttp-3.11.0.jar;C:\Users\sachintaw\.m2\repository\com\squareup\okio\okio\1.14.0\okio-1.14.0.jar;C:\Users\sachintaw\.m2\repository\log4j\log4j\1.2.17\log4j-1.2.17.jar;C:\Users\sachintaw\.m2\repository\org\yaml\snakeyaml\1.26\snakeyaml-1.26.jar;C:\Users\sachintaw\.m2\repository\org\apache\poi\poi\5.0.0\poi-5.0.0.jar;C:\Users\sachintaw\.m2\repository\org\slf4j\slf4j-api\1.7.30\slf4j-api-1.7.30.jar;C:\Users\sachintaw\.m2\repository\org\slf4j\jcl-over-slf4j\1.7.30\jcl-over-slf4j-1.7.30.jar;C:\Users\sachintaw\.m2\repository\commons-codec\commons-codec\1.15\commons-codec-1.15.jar;C:\Users\sachintaw\.m2\repository\org\apache\commons\commons-collections4\4.4\commons-collections4-4.4.jar;C:\Users\sachintaw\.m2\repository\org\apache\commons\commons-math3\3.6.1\commons-math3-3.6.1.jar;C:\Users\sachintaw\.m2\repository\com\zaxxer\SparseBitSet\1.2\SparseBitSet-1.2.jar;C:\Users\sachintaw\.m2\repository\org\apache\poi\poi-ooxml\5.0.0\poi-ooxml-5.0.0.jar;C:\Users\sachintaw\.m2\repository\org\apache\poi\poi-ooxml-lite\5.0.0\poi-ooxml-lite-5.0.0.jar;C:\Users\sachintaw\.m2\repository\org\apache\xmlbeans\xmlbeans\4.0.0\xmlbeans-4.0.0.jar;C:\Users\sachintaw\.m2\repository\xml-apis\xml-apis\1.4.01\xml-apis-1.4.01.jar;C:\Users\sachintaw\.m2\repository\org\apache\commons\commons-compress\1.20\commons-compress-1.20.jar;C:\Users\sachintaw\.m2\repository\com\github\virtuald\curvesapi\1.06\curvesapi-1.06.jar;C:\Users\sachintaw\.m2\repository\org\bouncycastle\bcpkix-jdk15on\1.68\bcpkix-jdk15on-1.68.jar;C:\Users\sachintaw\.m2\repository\org\bouncycastle\bcprov-jdk15on\1.68\bcprov-jdk15on-1.68.jar;C:\Users\sachintaw\.m2\repository\org\apache\santuario\xmlsec\2.2.1\xmlsec-2.2.1.jar;C:\Users\sachintaw\.m2\repository\com\fasterxml\woodstox\woodstox-core\5.2.1\woodstox-core-5.2.1.jar;C:\Users\sachintaw\.m2\repository\org\codehaus\woodstox\stax2-api\4.2\stax2-api-4.2.jar;C:\Users\sachintaw\.m2\repository\org\apache\xmlgraphics\batik-all\1.13\batik-all-1.13.jar;C:\Users\sachintaw\.m2\repository\org\apache\xmlgraphics\batik-anim\1.13\batik-anim-1.13.jar;C:\Users\sachintaw\.m2\repository\org\apache\xmlgraphics\batik-shared-resources\1.13\batik-shared-resources-1.13.jar;C:\Users\sachintaw\.m2\repository\xml-apis\xml-apis-ext\1.3.04\xml-apis-ext-1.3.04.jar;C:\Users\sachintaw\.m2\repository\org\apache\xmlgraphics\batik-awt-util\1.13\batik-awt-util-1.13.jar;C:\Users\sachintaw\.m2\repository\org\apache\xmlgraphics\xmlgraphics-commons\2.4\xmlgraphics-commons-2.4.jar;C:\Users\sachintaw\.m2\repository\commons-io\commons-io\1.3.1\commons-io-1.3.1.jar;C:\Users\sachintaw\.m2\repository\org\apache\xmlgraphics\batik-bridge\1.13\batik-bridge-1.13.jar;C:\Users\sachintaw\.m2\repository\org\apache\xmlgraphics\batik-codec\1.13\batik-codec-1.13.jar;C:\Users\sachintaw\.m2\repository\org\apache\xmlgraphics\batik-constants\1.13\batik-constants-1.13.jar;C:\Users\sachintaw\.m2\repository\org\apache\xmlgraphics\batik-css\1.13\batik-css-1.13.jar;C:\Users\sachintaw\.m2\repository\org\apache\xmlgraphics\batik-dom\1.13\batik-dom-1.13.jar;C:\Users\sachintaw\.m2\repository\xalan\xalan\2.7.2\xalan-2.7.2.jar;C:\Users\sachintaw\.m2\repository\xalan\serializer\2.7.2\serializer-2.7.2.jar;C:\Users\sachintaw\.m2\repository\org\apache\xmlgraphics\batik-ext\1.13\batik-ext-1.13.jar;C:\Users\sachintaw\.m2\repository\org\apache\xmlgraphics\batik-extension\1.13\batik-extension-1.13.jar;C:\Users\sachintaw\.m2\repository\org\apache\xmlgraphics\batik-gui-util\1.13\batik-gui-util-1.13.jar;C:\Users\sachintaw\.m2\repository\org\apache\xmlgraphics\batik-gvt\1.13\batik-gvt-1.13.jar;C:\Users\sachintaw\.m2\repository\org\apache\xmlgraphics\batik-i18n\1.13\batik-i18n-1.13.jar;C:\Users\sachintaw\.m2\repository\org\apache\xmlgraphics\batik-parser\1.13\batik-parser-1.13.jar;C:\Users\sachintaw\.m2\repository\org\apache\xmlgraphics\batik-rasterizer-ext\1.13\batik-rasterizer-ext-1.13.jar;C:\Users\sachintaw\.m2\repository\org\apache\xmlgraphics\batik-rasterizer\1.13\batik-rasterizer-1.13.jar;C:\Users\sachintaw\.m2\repository\org\apache\xmlgraphics\batik-script\1.13\batik-script-1.13.jar;C:\Users\sachintaw\.m2\repository\org\apache\xmlgraphics\batik-slideshow\1.13\batik-slideshow-1.13.jar;C:\Users\sachintaw\.m2\repository\org\apache\xmlgraphics\batik-squiggle-ext\1.13\batik-squiggle-ext-1.13.jar;C:\Users\sachintaw\.m2\repository\org\apache\xmlgraphics\batik-squiggle\1.13\batik-squiggle-1.13.jar;C:\Users\sachintaw\.m2\repository\org\apache\xmlgraphics\batik-svg-dom\1.13\batik-svg-dom-1.13.jar;C:\Users\sachintaw\.m2\repository\org\apache\xmlgraphics\batik-svgbrowser\1.13\batik-svgbrowser-1.13.jar;C:\Users\sachintaw\.m2\repository\org\apache\xmlgraphics\batik-svggen\1.13\batik-svggen-1.13.jar;C:\Users\sachintaw\.m2\repository\org\apache\xmlgraphics\batik-svgpp\1.13\batik-svgpp-1.13.jar;C:\Users\sachintaw\.m2\repository\org\apache\xmlgraphics\batik-svgrasterizer\1.13\batik-svgrasterizer-1.13.jar;C:\Users\sachintaw\.m2\repository\org\apache\xmlgraphics\batik-swing\1.13\batik-swing-1.13.jar;C:\Users\sachintaw\.m2\repository\org\apache\xmlgraphics\batik-transcoder\1.13\batik-transcoder-1.13.jar;C:\Users\sachintaw\.m2\repository\org\apache\xmlgraphics\batik-util\1.13\batik-util-1.13.jar;C:\Users\sachintaw\.m2\repository\org\apache\xmlgraphics\batik-ttf2svg\1.13\batik-ttf2svg-1.13.jar;C:\Users\sachintaw\.m2\repository\org\apache\xmlgraphics\batik-xml\1.13\batik-xml-1.13.jar;C:\Users\sachintaw\.m2\repository\de\rototor\pdfbox\graphics2d\0.30\graphics2d-0.30.jar;C:\Users\sachintaw\.m2\repository\org\apache\pdfbox\pdfbox\2.0.22\pdfbox-2.0.22.jar;C:\Users\sachintaw\.m2\repository\org\apache\pdfbox\fontbox\2.0.22\fontbox-2.0.22.jar;C:\Users\sachintaw\.m2\repository\org\testng\testng\6.14.3\testng-6.14.3.jar;C:\Users\sachintaw\.m2\repository\com\beust\jcommander\1.72\jcommander-1.72.jar;C:\Users\sachintaw\.m2\repository\org\apache-extras\beanshell\bsh\2.0b6\bsh-2.0b6.jar;C:\Users\sachintaw\.m2\repository\org\postgresql\postgresql\42.2.23\postgresql-42.2.23.jar;C:\Users\sachintaw\.m2\repository\org\checkerframework\checker-qual\3.5.0\checker-qual-3.5.0.jar;C:\Users\sachintaw\.m2\repository\org\apache\commons\commons-csv\1.9.0\commons-csv-1.9.0.jar;C:\Users\sachintaw\.m2\repository\com\googlecode\json-simple\json-simple\1.1.1\json-simple-1.1.1.jar;C:\Users\sachintaw\.m2\repository\junit\junit\4.10\junit-4.10.jar;C:\Users\sachintaw\.m2\repository\org\hamcrest\hamcrest-core\1.1\hamcrest-core-1.1.jar;"/>
    <property name="sun.cpu.endian" value="little"/>
    <property name="user.home" value="C:\Users\sachintaw"/>
    <property name="user.language" value="en"/>
    <property name="java.specification.vendor" value="Oracle Corporation"/>
    <property name="java.home" value="C:\Program Files (x86)\Java\jdk1.8.0_171\jre"/>
    <property name="basedir" value="C:\Users\sachintaw\IdeaProjects\ToolsQA"/>
    <property name="file.separator" value="\"/>
    <property name="line.separator" value="&#10;"/>
    <property name="java.vm.specification.vendor" value="Oracle Corporation"/>
    <property name="java.specification.name" value="Java Platform API Specification"/>
    <property name="java.awt.graphicsenv" value="sun.awt.Win32GraphicsEnvironment"/>
    <property name="sun.boot.class.path" value="C:\Program Files (x86)\Java\jdk1.8.0_171\jre\lib\resources.jar;C:\Program Files (x86)\Java\jdk1.8.0_171\jre\lib\rt.jar;C:\Program Files (x86)\Java\jdk1.8.0_171\jre\lib\sunrsasign.jar;C:\Program Files (x86)\Java\jdk1.8.0_171\jre\lib\jsse.jar;C:\Program Files (x86)\Java\jdk1.8.0_171\jre\lib\jce.jar;C:\Program Files (x86)\Java\jdk1.8.0_171\jre\lib\charsets.jar;C:\Program Files (x86)\Java\jdk1.8.0_171\jre\lib\jfr.jar;C:\Program Files (x86)\Java\jdk1.8.0_171\jre\classes"/>
    <property name="user.script" value=""/>
    <property name="sun.management.compiler" value="HotSpot Client Compiler"/>
    <property name="java.runtime.version" value="1.8.0_171-b11"/>
    <property name="user.name" value="sachintaw"/>
    <property name="path.separator" value=";"/>
    <property name="os.version" value="10.0"/>
    <property name="java.endorsed.dirs" value="C:\Program Files (x86)\Java\jdk1.8.0_171\jre\lib\endorsed"/>
    <property name="java.runtime.name" value="Java(TM) SE Runtime Environment"/>
    <property name="file.encoding" value="UTF-8"/>
    <property name="guice.disable.misplaced.annotation.check" value="true"/>
    <property name="java.vm.name" value="Java HotSpot(TM) Client VM"/>
    <property name="maven.ext.class.path" value="C:\Program Files\JetBrains\IntelliJ IDEA Community Edition 2020.1\plugins\maven\lib\maven-event-listener.jar"/>
    <property name="localRepository" value="C:\Users\sachintaw\.m2\repository"/>
    <property name="java.vendor.url.bug" value="http://bugreport.sun.com/bugreport/"/>
    <property name="java.io.tmpdir" value="C:\Users\SACHIN~1\AppData\Local\Temp\"/>
    <property name="idea.version" value="2021.2.2"/>
    <property name="java.version" value="1.8.0_171"/>
    <property name="user.dir" value="C:\Users\sachintaw\IdeaProjects\ToolsQA"/>
    <property name="os.arch" value="x86"/>
    <property name="maven.multiModuleProjectDirectory" value="C:\Users\sachintaw\IdeaProjects\ToolsQA"/>
    <property name="java.vm.specification.name" value="Java Virtual Machine Specification"/>
    <property name="java.awt.printerjob" value="sun.awt.windows.WPrinterJob"/>
    <property name="sun.os.patch.level" value=""/>
    <property name="java.library.path" value="C:\Program Files (x86)\Java\jdk1.8.0_171\bin;C:\Windows\Sun\Java\bin;C:\Windows\system32;C:\Windows;C:\Windows\system32;C:\Windows;C:\Windows\System32\Wbem;C:\Windows\System32\WindowsPowerShell\v1.0\;C:\Windows\System32\OpenSSH\;C:\Program Files (x86)\CheckPoint\Endpoint Security\Endpoint Common\bin;C:\Program Files (x86)\Java\jdk-11.0.12\bin;D:\sonar-scanner-cli-4.0.0.1744-windows\sonar-scanner-4.0.0.1744-windows\bin;C:\Program Files\Git\cmd;C:\Users\sachintaw\AppData\Local\Microsoft\WindowsApps;;C:\Program Files\JetBrains\IntelliJ IDEA Community Edition 2020.1\bin;;."/>
    <property name="java.vm.info" value="mixed mode, sharing"/>
    <property name="java.vendor" value="Oracle Corporation"/>
    <property name="java.vm.version" value="25.171-b11"/>
    <property name="classworlds.conf" value="C:\Program Files\JetBrains\IntelliJ IDEA Community Edition 2020.1\plugins\maven\lib\maven3\bin\m2.conf"/>
    <property name="java.ext.dirs" value="C:\Program Files (x86)\Java\jdk1.8.0_171\jre\lib\ext;C:\Windows\Sun\Java\lib\ext"/>
    <property name="sun.io.unicode.encoding" value="UnicodeLittle"/>
    <property name="java.class.version" value="52.0"/>
  </properties>
  <testcase name="validateIfAlertTabPresent" classname="com.cybage.assignment.test.toolsqaHomePageTest" time="0.068"/>
  <testcase name="validateIfBookStoreTabPresent" classname="com.cybage.assignment.test.toolsqaHomePageTest" time="0.09"/>
  <testcase name="validateIfElementsTabPresent" classname="com.cybage.assignment.test.toolsqaHomePageTest" time="0.106"/>
  <testcase name="validateIfFormsTabPresent" classname="com.cybage.assignment.test.toolsqaHomePageTest" time="0.149"/>
  <testcase name="validateIfInteractionsTabPresent" classname="com.cybage.assignment.test.toolsqaHomePageTest" time="0.05"/>
  <testcase name="validateIfLogoPresent" classname="com.cybage.assignment.test.toolsqaHomePageTest" time="0.053"/>
  <testcase name="validateIfWidgetTabPresent" classname="com.cybage.assignment.test.toolsqaHomePageTest" time="0.035"/>
  <testcase name="validatePageBanner" classname="com.cybage.assignment.test.toolsqaHomePageTest" time="0.066"/>
  <testcase name="validatePageTitle" classname="com.cybage.assignment.test.toolsqaHomePageTest" time="0.004"/>
  <testcase name="validatePresenceOfAlertFrameWindowOptions" classname="com.cybage.assignment.test.alertFrameWindowPageTest" time="0.553"/>
  <testcase name="validatePracticeFormOption" classname="com.cybage.assignment.test.toolsqaFormPageTest" time="0.268"/>
  <testcase name="validateElementScreen" classname="com.cybage.assignment.test.toolsqaElementPageTest" time="0.422"/>
  <testcase name="validatePresenceOfWidgetOptions" classname="com.cybage.assignment.test.widgetsPageTest" time="0.484"/>
  <testcase name="validateAccordianPageOperations" classname="com.cybage.assignment.test.widgetsPageTest" time="0">
    <skipped/>
    <system-out><![CDATA[10-12-2021 15:37:31 utilities.java INFO  [TestNG-tests-5] objects.utilities 102 - Test Case TC029 is PASS
]]></system-out>
  </testcase>
  <testcase name="validateAccordianPageOperations" classname="com.cybage.assignment.test.widgetsPageTest" time="0">
    <skipped/>
    <system-out><![CDATA[10-12-2021 15:37:37 utilities.java INFO  [TestNG-tests-3] objects.utilities 102 - Test Case TC021 is PASS
]]></system-out>
  </testcase>
  <testcase name="validateAccordianPageOperations" classname="com.cybage.assignment.test.widgetsPageTest" time="0">
    <skipped/>
    <system-out><![CDATA[10-12-2021 15:37:41 utilities.java INFO  [TestNG-tests-3] objects.utilities 102 - Test Case TC022 is PASS
]]></system-out>
  </testcase>
  <testcase name="validateAccordianPageOperations" classname="com.cybage.assignment.test.widgetsPageTest" time="0.016">
    <failure type="java.lang.NullPointerException">java.lang.NullPointerException
	at com.cybage.assignment.test.widgetsPageTest.validateAccordianPageOperations(widgetsPageTest.java:68)
</failure>
    <system-out><![CDATA[10-12-2021 15:37:44 utilities.java INFO  [TestNG-tests-2] objects.utilities 102 - Test Case TC017 is SKIPPED
]]></system-out>
  </testcase>
  <testcase name="validateFormFilling" classname="com.cybage.assignment.test.toolsqaFormPageTest" time="3.209"/>
  <testcase name="validateFormAfterSubmit" classname="com.cybage.assignment.test.toolsqaFormPageTest" time="0.682"/>
  <testcase name="validateBrokenLinkImagesOperations" classname="com.cybage.assignment.test.toolsqaElementPageTest" time="0">
    <skipped message="The following asserts failed:&#10;	Image is broken expected [true] but found [false]"/>
    <system-out><![CDATA[10-12-2021 15:37:43 utilities.java INFO  [TestNG-tests-5] objects.utilities 102 - Test Case TC030 is SKIPPED
]]></system-out>
  </testcase>
  <testcase name="validateBrokenLinkImagesOperations" classname="com.cybage.assignment.test.toolsqaElementPageTest" time="4.077"/>
  <testcase name="validateAlertsOption" classname="com.cybage.assignment.test.alertFrameWindowPageTest" time="2.846"/>
  <testcase name="validateAutoCompleteTextBoxes" classname="com.cybage.assignment.test.widgetsPageTest" time="3.951"/>
  <testcase name="validateButtonsOperations" classname="com.cybage.assignment.test.toolsqaElementPageTest" time="0.678"/>
  <testcase name="validateBrowserWindowOptions" classname="com.cybage.assignment.test.alertFrameWindowPageTest" time="3.623"/>
  <testcase name="validateCheckBoxOperation" classname="com.cybage.assignment.test.toolsqaElementPageTest" time="0.52"/>
  <testcase name="validateDatePickerOperation" classname="com.cybage.assignment.test.widgetsPageTest" time="1.124"/>
  <testcase name="validateIFrameOperations" classname="com.cybage.assignment.test.alertFrameWindowPageTest" time="3.797"/>
  <testcase name="validateModalDialogsOperation" classname="com.cybage.assignment.test.alertFrameWindowPageTest" time="0">
    <skipped/>
    <system-out><![CDATA[10-12-2021 15:38:08 utilities.java INFO  [TestNG-tests-4] objects.utilities 102 - Test Case TC026 is PASS
]]></system-out>
  </testcase>
  <testcase name="validateModalDialogsOperation" classname="com.cybage.assignment.test.alertFrameWindowPageTest" time="0">
    <skipped/>
    <system-out><![CDATA[10-12-2021 15:38:11 utilities.java INFO  [TestNG-tests-4] objects.utilities 102 - Test Case TC028 is SKIPPED
]]></system-out>
  </testcase>
  <testcase name="validateModalDialogsOperation" classname="com.cybage.assignment.test.alertFrameWindowPageTest" time="0">
    <skipped/>
    <system-out><![CDATA[10-12-2021 15:38:15 utilities.java INFO  [TestNG-tests-2] objects.utilities 102 - Test Case TC019 is PASS
]]></system-out>
  </testcase>
  <testcase name="validateModalDialogsOperation" classname="com.cybage.assignment.test.alertFrameWindowPageTest" time="0.01">
    <failure type="java.lang.NullPointerException">java.lang.NullPointerException
	at com.cybage.assignment.test.alertFrameWindowPageTest.validateModalDialogsOperation(alertFrameWindowPageTest.java:112)
</failure>
    <system-out><![CDATA[10-12-2021 15:38:17 utilities.java INFO  [TestNG-tests-4] objects.utilities 102 - Test Case TC028 is SKIPPED
]]></system-out>
  </testcase>
  <testcase name="validateDynamicButtonsOperations" classname="com.cybage.assignment.test.toolsqaElementPageTest" time="1.344"/>
  <testcase name="validateLinksOperations" classname="com.cybage.assignment.test.toolsqaElementPageTest" time="0.925"/>
  <testcase name="validateNestedFramesOperation" classname="com.cybage.assignment.test.alertFrameWindowPageTest" time="0.377"/>
  <testcase name="validateRadioButtonOperations" classname="com.cybage.assignment.test.toolsqaElementPageTest" time="0.562"/>
  <testcase name="validateTextBoxOnSubmission" classname="com.cybage.assignment.test.toolsqaElementPageTest" time="0.804"/>
  <testcase name="validateUploadDownloadOperations" classname="com.cybage.assignment.test.toolsqaElementPageTest" time="2.34"/>
  <testcase name="validateWebTablesOperations" classname="com.cybage.assignment.test.toolsqaElementPageTest" time="20.594"/>
</testsuite>