<?xml version="1.0" encoding="UTF-8"?>
<!-- Generated by org.testng.reporters.JUnitReportReporter -->
<testsuite skipped="0" hostname="sachintaw-w10" name="com.cybage.assignment.test.toolsqaFormPageTest" tests="3" failures="0" timestamp="30 Sep 2021 04:55:16 GMT" time="21.460" errors="0">
  <testcase name="validatePracticeFormOption" time="3.773" classname="com.cybage.assignment.test.toolsqaFormPageTest"/>
  <testcase name="validateFormFilling" time="14.296" classname="com.cybage.assignment.test.toolsqaFormPageTest"/>
  <testcase name="validateFormAfterSubmit" time="3.391" classname="com.cybage.assignment.test.toolsqaFormPageTest"/>
</testsuite> <!-- com.cybage.assignment.test.toolsqaFormPageTest -->
