<?xml version="1.0" encoding="UTF-8"?>
<!-- Generated by org.testng.reporters.JUnitReportReporter -->
<testsuite skipped="1" hostname="sachintaw-w10" name="com.cybage.assignment.test.toolsqaElementPageTest" tests="11" failures="0" timestamp="12 Oct 2021 10:08:58 GMT" time="89.175" errors="0">
  <testcase name="validateButtonsOperations" time="3.682" classname="com.cybage.assignment.test.toolsqaElementPageTest"/>
  <testcase name="validateDynamicButtonsOperations" time="14.175" classname="com.cybage.assignment.test.toolsqaElementPageTest"/>
  <testcase name="validateLinksOperations" time="5.578" classname="com.cybage.assignment.test.toolsqaElementPageTest"/>
  <testcase name="validateWebTablesOperations" time="23.610" classname="com.cybage.assignment.test.toolsqaElementPageTest"/>
  <testcase name="validateBrokenLinkImagesOperations" time="13.053" classname="com.cybage.assignment.test.toolsqaElementPageTest">
    <skipped/>
  </testcase> <!-- validateBrokenLinkImagesOperations -->
  <testcase name="validateElementScreen" time="3.439" classname="com.cybage.assignment.test.toolsqaElementPageTest"/>
  <testcase name="validateUploadDownloadOperations" time="5.344" classname="com.cybage.assignment.test.toolsqaElementPageTest"/>
  <testcase name="validateBrokenLinkImagesOperations" time="9.382" classname="com.cybage.assignment.test.toolsqaElementPageTest"/>
  <testcase name="validateRadioButtonOperations" time="3.569" classname="com.cybage.assignment.test.toolsqaElementPageTest"/>
  <testcase name="validateTextBoxOnSubmission" time="3.812" classname="com.cybage.assignment.test.toolsqaElementPageTest"/>
  <testcase name="validateCheckBoxOperation" time="3.531" classname="com.cybage.assignment.test.toolsqaElementPageTest"/>
</testsuite> <!-- com.cybage.assignment.test.toolsqaElementPageTest -->
