<?xml version="1.0" encoding="UTF-8"?>
<!-- Generated by org.testng.reporters.JUnitReportReporter -->
<testsuite skipped="0" hostname="sachintaw-w10" name="com.cybage.assignment.test.toolsqaHomePageTest" tests="9" failures="0" timestamp="04 Oct 2021 05:28:46 GMT" time="0.749" errors="0">
  <testcase name="validateIfFormsTabPresent" time="0.309" classname="com.cybage.assignment.test.toolsqaHomePageTest"/>
  <testcase name="validatePageTitle" time="0.021" classname="com.cybage.assignment.test.toolsqaHomePageTest"/>
  <testcase name="validateIfElementsTabPresent" time="0.048" classname="com.cybage.assignment.test.toolsqaHomePageTest"/>
  <testcase name="validateIfAlertTabPresent" time="0.066" classname="com.cybage.assignment.test.toolsqaHomePageTest"/>
  <testcase name="validateIfInteractionsTabPresent" time="0.041" classname="com.cybage.assignment.test.toolsqaHomePageTest"/>
  <testcase name="validateIfLogoPresent" time="0.087" classname="com.cybage.assignment.test.toolsqaHomePageTest"/>
  <testcase name="validatePageBanner" time="0.059" classname="com.cybage.assignment.test.toolsqaHomePageTest"/>
  <testcase name="validateIfBookStoreTabPresent" time="0.071" classname="com.cybage.assignment.test.toolsqaHomePageTest"/>
  <testcase name="validateIfWidgetTabPresent" time="0.047" classname="com.cybage.assignment.test.toolsqaHomePageTest"/>
</testsuite> <!-- com.cybage.assignment.test.toolsqaHomePageTest -->
