<?xml version="1.0" encoding="UTF-8"?>
<!-- Generated by org.testng.reporters.JUnitReportReporter -->
<testsuite skipped="0" hostname="sachintaw-w10" name="com.cybage.assignment.test.widgetsPageTest" tests="4" failures="0" timestamp="30 Sep 2021 04:55:16 GMT" time="24.977" errors="0">
  <testcase name="validateAutoCompleteTextBoxes" time="7.284" classname="com.cybage.assignment.test.widgetsPageTest"/>
  <testcase name="validateDatePickerOperation" time="7.606" classname="com.cybage.assignment.test.widgetsPageTest"/>
  <testcase name="validatePresenceOfWidgetOptions" time="3.548" classname="com.cybage.assignment.test.widgetsPageTest"/>
  <testcase name="validateAccordianPageOperations" time="6.539" classname="com.cybage.assignment.test.widgetsPageTest"/>
</testsuite> <!-- com.cybage.assignment.test.widgetsPageTest -->
