<?xml version="1.0" encoding="UTF-8"?>
<!-- Generated by org.testng.reporters.JUnitReportReporter -->
<testsuite skipped="0" hostname="sachintaw-w10" name="com.cybage.assignment.test.toolsqaElementPageTest" tests="10" failures="0" timestamp="30 Sep 2021 04:55:16 GMT" time="79.545" errors="0">
  <testcase name="validateDynamicButtonsOperations" time="14.161" classname="com.cybage.assignment.test.toolsqaElementPageTest"/>
  <testcase name="validateLinksOperations" time="5.580" classname="com.cybage.assignment.test.toolsqaElementPageTest"/>
  <testcase name="validateWebTablesOperations" time="23.553" classname="com.cybage.assignment.test.toolsqaElementPageTest"/>
  <testcase name="validateCheckBoxOperation" time="3.492" classname="com.cybage.assignment.test.toolsqaElementPageTest"/>
  <testcase name="validateElementScreen" time="3.737" classname="com.cybage.assignment.test.toolsqaElementPageTest"/>
  <testcase name="validateBrokenLinkImagesOperations" time="12.593" classname="com.cybage.assignment.test.toolsqaElementPageTest"/>
  <testcase name="validateButtonsOperations" time="3.668" classname="com.cybage.assignment.test.toolsqaElementPageTest"/>
  <testcase name="validateRadioButtonOperations" time="3.568" classname="com.cybage.assignment.test.toolsqaElementPageTest"/>
  <testcase name="validateTextBoxOnSubmission" time="3.799" classname="com.cybage.assignment.test.toolsqaElementPageTest"/>
  <testcase name="validateUploadDownloadOperations" time="5.394" classname="com.cybage.assignment.test.toolsqaElementPageTest"/>
</testsuite> <!-- com.cybage.assignment.test.toolsqaElementPageTest -->
