<?xml version="1.0" encoding="UTF-8"?>
<!-- Generated by org.testng.reporters.JUnitReportReporter -->
<testsuite skipped="0" hostname="sachintaw-w10" name="com.cybage.assignment.test.toolsqaFormPageTest" tests="3" failures="0" timestamp="04 Oct 2021 05:28:46 GMT" time="13.915" errors="0">
  <testcase name="validatePracticeFormOption" time="3.401" classname="com.cybage.assignment.test.toolsqaFormPageTest"/>
  <testcase name="validateFormFilling" time="7.007" classname="com.cybage.assignment.test.toolsqaFormPageTest"/>
  <testcase name="validateFormAfterSubmit" time="3.507" classname="com.cybage.assignment.test.toolsqaFormPageTest"/>
</testsuite> <!-- com.cybage.assignment.test.toolsqaFormPageTest -->
