<?xml version="1.0" encoding="UTF-8"?>
<!-- Generated by org.testng.reporters.JUnitReportReporter -->
<testsuite skipped="10" hostname="sachintaw-w10" name="com.cybage.assignment.test.toolsqaElementPageTest" tests="11" failures="0" timestamp="06 Oct 2021 09:12:58 GMT" time="0.000" errors="1">
  <testcase name="testSetUp" time="0.000" classname="com.cybage.assignment.test.toolsqaElementPageTest">
    <error type="java.lang.NullPointerException" message="key can&#039;t be null">
      <![CDATA[java.lang.NullPointerException: key can't be null
at java.lang.System.checkKey(System.java:838)
at java.lang.System.setProperty(System.java:789)
at com.cybage.assignment.objects.toolsqaBase.initialize(toolsqaBase.java:37)
at com.cybage.assignment.test.toolsqaElementPageTest.testSetUp(toolsqaElementPageTest.java:33)
at sun.reflect.NativeMethodAccessorImpl.invoke0(Native Method)
at sun.reflect.NativeMethodAccessorImpl.invoke(NativeMethodAccessorImpl.java:62)
at sun.reflect.DelegatingMethodAccessorImpl.invoke(DelegatingMethodAccessorImpl.java:43)
at java.lang.reflect.Method.invoke(Method.java:498)
at org.testng.internal.MethodInvocationHelper.invokeMethod(MethodInvocationHelper.java:124)
at org.testng.internal.MethodInvocationHelper.invokeMethodConsideringTimeout(MethodInvocationHelper.java:59)
at org.testng.internal.Invoker.invokeConfigurationMethod(Invoker.java:458)
at org.testng.internal.Invoker.invokeConfigurations(Invoker.java:222)
at org.testng.internal.Invoker.invokeConfigurations(Invoker.java:142)
at org.testng.internal.TestMethodWorker.invokeBeforeClassMethods(TestMethodWorker.java:168)
at org.testng.internal.TestMethodWorker.run(TestMethodWorker.java:105)
at org.testng.TestRunner.privateRun(TestRunner.java:648)
at org.testng.TestRunner.run(TestRunner.java:505)
at org.testng.SuiteRunner.runTest(SuiteRunner.java:455)
at org.testng.SuiteRunner.access$000(SuiteRunner.java:40)
at org.testng.SuiteRunner$SuiteWorker.run(SuiteRunner.java:489)
at org.testng.internal.thread.ThreadUtil$1.call(ThreadUtil.java:52)
at java.util.concurrent.FutureTask.run(FutureTask.java:266)
at java.util.concurrent.ThreadPoolExecutor.runWorker(ThreadPoolExecutor.java:1149)
at java.util.concurrent.ThreadPoolExecutor$Worker.run(ThreadPoolExecutor.java:624)
at java.lang.Thread.run(Thread.java:748)
]]>
    </error>
  </testcase> <!-- testSetUp -->
  <testcase name="validateButtonsOperations" time="0.000" classname="com.cybage.assignment.test.toolsqaElementPageTest">
    <skipped/>
  </testcase> <!-- validateButtonsOperations -->
  <testcase name="validateDynamicButtonsOperations" time="0.000" classname="com.cybage.assignment.test.toolsqaElementPageTest">
    <skipped/>
  </testcase> <!-- validateDynamicButtonsOperations -->
  <testcase name="validateWebTablesOperations" time="0.000" classname="com.cybage.assignment.test.toolsqaElementPageTest">
    <skipped/>
  </testcase> <!-- validateWebTablesOperations -->
  <testcase name="validateElementScreen" time="0.000" classname="com.cybage.assignment.test.toolsqaElementPageTest">
    <skipped/>
  </testcase> <!-- validateElementScreen -->
  <testcase name="validateBrokenLinkImagesOperations" time="0.000" classname="com.cybage.assignment.test.toolsqaElementPageTest">
    <skipped/>
  </testcase> <!-- validateBrokenLinkImagesOperations -->
  <testcase name="validateCheckBoxOperation" time="0.000" classname="com.cybage.assignment.test.toolsqaElementPageTest">
    <skipped/>
  </testcase> <!-- validateCheckBoxOperation -->
  <testcase name="validateRadioButtonOperations" time="0.000" classname="com.cybage.assignment.test.toolsqaElementPageTest">
    <skipped/>
  </testcase> <!-- validateRadioButtonOperations -->
  <testcase name="validateLinksOperations" time="0.000" classname="com.cybage.assignment.test.toolsqaElementPageTest">
    <skipped/>
  </testcase> <!-- validateLinksOperations -->
  <testcase name="validateTextBoxOnSubmission" time="0.000" classname="com.cybage.assignment.test.toolsqaElementPageTest">
    <skipped/>
  </testcase> <!-- validateTextBoxOnSubmission -->
  <testcase name="validateUploadDownloadOperations" time="0.000" classname="com.cybage.assignment.test.toolsqaElementPageTest">
    <skipped/>
  </testcase> <!-- validateUploadDownloadOperations -->
</testsuite> <!-- com.cybage.assignment.test.toolsqaElementPageTest -->
