<?xml version="1.0" encoding="UTF-8"?>
<!-- Generated by org.testng.reporters.JUnitReportReporter -->
<testsuite skipped="0" hostname="sachintaw-w10" name="com.cybage.assignment.test.toolsqaElementPageTest" tests="10" failures="0" timestamp="01 Oct 2021 05:03:07 GMT" time="79.362" errors="0">
  <testcase name="validateButtonsOperations" time="3.695" classname="com.cybage.assignment.test.toolsqaElementPageTest"/>
  <testcase name="validateBrokenLinkImagesOperations" time="12.317" classname="com.cybage.assignment.test.toolsqaElementPageTest"/>
  <testcase name="validateDynamicButtonsOperations" time="14.156" classname="com.cybage.assignment.test.toolsqaElementPageTest"/>
  <testcase name="validateTextBoxOnSubmission" time="3.903" classname="com.cybage.assignment.test.toolsqaElementPageTest"/>
  <testcase name="validateRadioButtonOperations" time="3.594" classname="com.cybage.assignment.test.toolsqaElementPageTest"/>
  <testcase name="validateWebTablesOperations" time="23.575" classname="com.cybage.assignment.test.toolsqaElementPageTest"/>
  <testcase name="validateCheckBoxOperation" time="3.467" classname="com.cybage.assignment.test.toolsqaElementPageTest"/>
  <testcase name="validateUploadDownloadOperations" time="5.317" classname="com.cybage.assignment.test.toolsqaElementPageTest"/>
  <testcase name="validateElementScreen" time="3.653" classname="com.cybage.assignment.test.toolsqaElementPageTest"/>
  <testcase name="validateLinksOperations" time="5.685" classname="com.cybage.assignment.test.toolsqaElementPageTest"/>
</testsuite> <!-- com.cybage.assignment.test.toolsqaElementPageTest -->
