<?xml version="1.0" encoding="UTF-8"?>
<!-- Generated by org.testng.reporters.JUnitReportReporter -->
<testsuite skipped="0" hostname="sachintaw-w10" name="com.cybage.assignment.test.alertFrameWindowPageTest" tests="6" failures="0" timestamp="22 Sep 2021 10:35:30 GMT" time="48.551" errors="0">
  <testcase name="validateIFrameOperations" time="7.441" classname="com.cybage.assignment.test.alertFrameWindowPageTest"/>
  <testcase name="validatePresenceOfAlertFrameWindowOptions" time="3.290" classname="com.cybage.assignment.test.alertFrameWindowPageTest"/>
  <testcase name="validateModalDialogsOperation" time="4.532" classname="com.cybage.assignment.test.alertFrameWindowPageTest"/>
  <testcase name="validateBrowserWindowOptions" time="8.298" classname="com.cybage.assignment.test.alertFrameWindowPageTest"/>
  <testcase name="validateNestedFramesOperation" time="3.425" classname="com.cybage.assignment.test.alertFrameWindowPageTest"/>
  <testcase name="validateAlertsOption" time="21.565" classname="com.cybage.assignment.test.alertFrameWindowPageTest"/>
</testsuite> <!-- com.cybage.assignment.test.alertFrameWindowPageTest -->
