<?xml version="1.0" encoding="UTF-8"?>
<!-- Generated by org.testng.reporters.JUnitReportReporter -->
<testsuite skipped="0" hostname="sachintaw-w10" name="com.cybage.assignment.test.toolsqaHomePageTest" tests="9" failures="0" timestamp="12 Oct 2021 10:08:58 GMT" time="1.274" errors="0">
  <testcase name="validateIfLogoPresent" time="0.069" classname="com.cybage.assignment.test.toolsqaHomePageTest"/>
  <testcase name="validateIfBookStoreTabPresent" time="0.156" classname="com.cybage.assignment.test.toolsqaHomePageTest"/>
  <testcase name="validateIfAlertTabPresent" time="0.452" classname="com.cybage.assignment.test.toolsqaHomePageTest"/>
  <testcase name="validateIfElementsTabPresent" time="0.195" classname="com.cybage.assignment.test.toolsqaHomePageTest"/>
  <testcase name="validateIfFormsTabPresent" time="0.181" classname="com.cybage.assignment.test.toolsqaHomePageTest"/>
  <testcase name="validateIfInteractionsTabPresent" time="0.067" classname="com.cybage.assignment.test.toolsqaHomePageTest"/>
  <testcase name="validatePageTitle" time="0.021" classname="com.cybage.assignment.test.toolsqaHomePageTest"/>
  <testcase name="validateIfWidgetTabPresent" time="0.052" classname="com.cybage.assignment.test.toolsqaHomePageTest"/>
  <testcase name="validatePageBanner" time="0.081" classname="com.cybage.assignment.test.toolsqaHomePageTest"/>
</testsuite> <!-- com.cybage.assignment.test.toolsqaHomePageTest -->
