<?xml version="1.0" encoding="UTF-8"?>
<!-- Generated by org.testng.reporters.JUnitReportReporter -->
<testsuite skipped="0" hostname="sachintaw-w10" name="com.cybage.assignment.test.toolsqaFormPageTest" tests="3" failures="0" timestamp="12 Oct 2021 10:08:58 GMT" time="14.160" errors="0">
  <testcase name="validatePracticeFormOption" time="3.362" classname="com.cybage.assignment.test.toolsqaFormPageTest"/>
  <testcase name="validateFormFilling" time="7.090" classname="com.cybage.assignment.test.toolsqaFormPageTest"/>
  <testcase name="validateFormAfterSubmit" time="3.708" classname="com.cybage.assignment.test.toolsqaFormPageTest"/>
</testsuite> <!-- com.cybage.assignment.test.toolsqaFormPageTest -->
