<?xml version="1.0" encoding="UTF-8"?>
<!-- Generated by org.testng.reporters.JUnitReportReporter -->
<testsuite skipped="3" hostname="sachintaw-w10" name="com.cybage.assignment.test.alertFrameWindowPageTest" tests="9" failures="0" timestamp="06 Oct 2021 09:12:58 GMT" time="56.108" errors="1">
  <testcase name="validatePresenceOfAlertFrameWindowOptions" time="3.257" classname="com.cybage.assignment.test.alertFrameWindowPageTest"/>
  <testcase name="validateNestedFramesOperation" time="3.516" classname="com.cybage.assignment.test.alertFrameWindowPageTest"/>
  <testcase name="validateModalDialogsOperation" time="3.032" classname="com.cybage.assignment.test.alertFrameWindowPageTest">
    <skipped/>
  </testcase> <!-- validateModalDialogsOperation -->
  <testcase name="validateAlertsOption" time="21.268" classname="com.cybage.assignment.test.alertFrameWindowPageTest"/>
  <testcase name="validateModalDialogsOperation" time="3.016" classname="com.cybage.assignment.test.alertFrameWindowPageTest">
    <skipped/>
  </testcase> <!-- validateModalDialogsOperation -->
  <testcase name="validateModalDialogsOperation" time="3.022" classname="com.cybage.assignment.test.alertFrameWindowPageTest">
    <skipped/>
  </testcase> <!-- validateModalDialogsOperation -->
  <testcase name="validateBrowserWindowOptions" time="8.533" classname="com.cybage.assignment.test.alertFrameWindowPageTest"/>
  <testcase name="validateIFrameOperations" time="7.452" classname="com.cybage.assignment.test.alertFrameWindowPageTest"/>
  <testcase name="validateModalDialogsOperation" time="3.012" classname="com.cybage.assignment.test.alertFrameWindowPageTest">
    <error type="java.lang.NullPointerException">
      <![CDATA[java.lang.NullPointerException
at com.cybage.assignment.objects.utilities.readWorkbook(utilities.java:70)
at com.cybage.assignment.test.alertFrameWindowPageTest.validateModalDialogsOperation(alertFrameWindowPageTest.java:112)
at sun.reflect.NativeMethodAccessorImpl.invoke0(Native Method)
at sun.reflect.NativeMethodAccessorImpl.invoke(NativeMethodAccessorImpl.java:62)
at sun.reflect.DelegatingMethodAccessorImpl.invoke(DelegatingMethodAccessorImpl.java:43)
at java.lang.reflect.Method.invoke(Method.java:498)
at org.testng.internal.MethodInvocationHelper.invokeMethod(MethodInvocationHelper.java:124)
at org.testng.internal.Invoker.invokeMethod(Invoker.java:583)
at org.testng.internal.Invoker.retryFailed(Invoker.java:839)
at org.testng.internal.Invoker.invokeTestMethods(Invoker.java:1010)
at org.testng.internal.TestMethodWorker.invokeTestMethods(TestMethodWorker.java:125)
at org.testng.internal.TestMethodWorker.run(TestMethodWorker.java:109)
at org.testng.TestRunner.privateRun(TestRunner.java:648)
at org.testng.TestRunner.run(TestRunner.java:505)
at org.testng.SuiteRunner.runTest(SuiteRunner.java:455)
at org.testng.SuiteRunner.access$000(SuiteRunner.java:40)
at org.testng.SuiteRunner$SuiteWorker.run(SuiteRunner.java:489)
at org.testng.internal.thread.ThreadUtil$1.call(ThreadUtil.java:52)
at java.util.concurrent.FutureTask.run(FutureTask.java:266)
at java.util.concurrent.ThreadPoolExecutor.runWorker(ThreadPoolExecutor.java:1149)
at java.util.concurrent.ThreadPoolExecutor$Worker.run(ThreadPoolExecutor.java:624)
at java.lang.Thread.run(Thread.java:748)
]]>
    </error>
  </testcase> <!-- validateModalDialogsOperation -->
</testsuite> <!-- com.cybage.assignment.test.alertFrameWindowPageTest -->
