<?xml version="1.0" encoding="UTF-8"?>
<!-- Generated by org.testng.reporters.JUnitReportReporter -->
<testsuite skipped="0" hostname="sachintaw-w10" name="com.cybage.assignment.test.toolsqaHomePageTest" tests="9" failures="0" timestamp="30 Sep 2021 04:55:16 GMT" time="0.526" errors="0">
  <testcase name="validateIfWidgetTabPresent" time="0.056" classname="com.cybage.assignment.test.toolsqaHomePageTest"/>
  <testcase name="validateIfLogoPresent" time="0.073" classname="com.cybage.assignment.test.toolsqaHomePageTest"/>
  <testcase name="validatePageBanner" time="0.054" classname="com.cybage.assignment.test.toolsqaHomePageTest"/>
  <testcase name="validatePageTitle" time="0.010" classname="com.cybage.assignment.test.toolsqaHomePageTest"/>
  <testcase name="validateIfBookStoreTabPresent" time="0.058" classname="com.cybage.assignment.test.toolsqaHomePageTest"/>
  <testcase name="validateIfElementsTabPresent" time="0.062" classname="com.cybage.assignment.test.toolsqaHomePageTest"/>
  <testcase name="validateIfFormsTabPresent" time="0.050" classname="com.cybage.assignment.test.toolsqaHomePageTest"/>
  <testcase name="validateIfInteractionsTabPresent" time="0.094" classname="com.cybage.assignment.test.toolsqaHomePageTest"/>
  <testcase name="validateIfAlertTabPresent" time="0.069" classname="com.cybage.assignment.test.toolsqaHomePageTest"/>
</testsuite> <!-- com.cybage.assignment.test.toolsqaHomePageTest -->
