<?xml version="1.0" encoding="UTF-8"?>
<!-- Generated by org.testng.reporters.JUnitReportReporter -->
<testsuite skipped="0" hostname="sachintaw-w10" name="com.cybage.assignment.test.alertFrameWindowPageTest" tests="6" failures="0" timestamp="01 Oct 2021 05:03:07 GMT" time="48.417" errors="0">
  <testcase name="validateNestedFramesOperation" time="3.386" classname="com.cybage.assignment.test.alertFrameWindowPageTest"/>
  <testcase name="validateIFrameOperations" time="7.447" classname="com.cybage.assignment.test.alertFrameWindowPageTest"/>
  <testcase name="validateAlertsOption" time="22.442" classname="com.cybage.assignment.test.alertFrameWindowPageTest"/>
  <testcase name="validatePresenceOfAlertFrameWindowOptions" time="3.638" classname="com.cybage.assignment.test.alertFrameWindowPageTest"/>
  <testcase name="validateModalDialogsOperation" time="3.684" classname="com.cybage.assignment.test.alertFrameWindowPageTest"/>
  <testcase name="validateBrowserWindowOptions" time="7.820" classname="com.cybage.assignment.test.alertFrameWindowPageTest"/>
</testsuite> <!-- com.cybage.assignment.test.alertFrameWindowPageTest -->
