<?xml version="1.0" encoding="UTF-8"?>
<!-- Generated by org.testng.reporters.JUnitReportReporter -->
<testsuite skipped="0" hostname="sachintaw-w10" name="com.cybage.assignment.test.alertFrameWindowPageTest" tests="6" failures="0" timestamp="30 Sep 2021 04:55:16 GMT" time="46.761" errors="0">
  <testcase name="validatePresenceOfAlertFrameWindowOptions" time="3.257" classname="com.cybage.assignment.test.alertFrameWindowPageTest"/>
  <testcase name="validateBrowserWindowOptions" time="7.761" classname="com.cybage.assignment.test.alertFrameWindowPageTest"/>
  <testcase name="validateIFrameOperations" time="7.410" classname="com.cybage.assignment.test.alertFrameWindowPageTest"/>
  <testcase name="validateNestedFramesOperation" time="3.401" classname="com.cybage.assignment.test.alertFrameWindowPageTest"/>
  <testcase name="validateAlertsOption" time="21.267" classname="com.cybage.assignment.test.alertFrameWindowPageTest"/>
  <testcase name="validateModalDialogsOperation" time="3.665" classname="com.cybage.assignment.test.alertFrameWindowPageTest"/>
</testsuite> <!-- com.cybage.assignment.test.alertFrameWindowPageTest -->
