<?xml version="1.0" encoding="UTF-8"?>
<!-- Generated by org.testng.reporters.JUnitReportReporter -->
<testsuite skipped="0" hostname="sachintaw-w10" name="com.cybage.assignment.test.widgetsPageTest" tests="4" failures="0" timestamp="04 Oct 2021 05:28:46 GMT" time="26.915" errors="0">
  <testcase name="validateAutoCompleteTextBoxes" time="7.216" classname="com.cybage.assignment.test.widgetsPageTest"/>
  <testcase name="validatePresenceOfWidgetOptions" time="3.441" classname="com.cybage.assignment.test.widgetsPageTest"/>
  <testcase name="validateAccordianPageOperations" time="7.251" classname="com.cybage.assignment.test.widgetsPageTest"/>
  <testcase name="validateDatePickerOperation" time="9.007" classname="com.cybage.assignment.test.widgetsPageTest"/>
</testsuite> <!-- com.cybage.assignment.test.widgetsPageTest -->
