<?xml version="1.0" encoding="UTF-8"?>
<!-- Generated by org.testng.reporters.JUnitReportReporter -->
<testsuite skipped="0" hostname="sachintaw-w10" name="com.cybage.assignment.test.toolsqaHomePageTest" tests="9" failures="0" timestamp="01 Oct 2021 05:03:07 GMT" time="0.506" errors="0">
  <testcase name="validateIfFormsTabPresent" time="0.057" classname="com.cybage.assignment.test.toolsqaHomePageTest"/>
  <testcase name="validateIfBookStoreTabPresent" time="0.060" classname="com.cybage.assignment.test.toolsqaHomePageTest"/>
  <testcase name="validatePageTitle" time="0.013" classname="com.cybage.assignment.test.toolsqaHomePageTest"/>
  <testcase name="validateIfAlertTabPresent" time="0.064" classname="com.cybage.assignment.test.toolsqaHomePageTest"/>
  <testcase name="validateIfWidgetTabPresent" time="0.053" classname="com.cybage.assignment.test.toolsqaHomePageTest"/>
  <testcase name="validateIfElementsTabPresent" time="0.073" classname="com.cybage.assignment.test.toolsqaHomePageTest"/>
  <testcase name="validateIfInteractionsTabPresent" time="0.095" classname="com.cybage.assignment.test.toolsqaHomePageTest"/>
  <testcase name="validatePageBanner" time="0.048" classname="com.cybage.assignment.test.toolsqaHomePageTest"/>
  <testcase name="validateIfLogoPresent" time="0.043" classname="com.cybage.assignment.test.toolsqaHomePageTest"/>
</testsuite> <!-- com.cybage.assignment.test.toolsqaHomePageTest -->
