<?xml version="1.0" encoding="UTF-8"?>
<!-- Generated by org.testng.reporters.JUnitReportReporter -->
<testsuite skipped="0" hostname="sachintaw-w10" name="com.cybage.assignment.test.toolsqaFormPageTest" tests="3" failures="0" timestamp="06 Oct 2021 09:12:58 GMT" time="14.425" errors="0">
  <testcase name="validatePracticeFormOption" time="3.386" classname="com.cybage.assignment.test.toolsqaFormPageTest"/>
  <testcase name="validateFormFilling" time="7.519" classname="com.cybage.assignment.test.toolsqaFormPageTest"/>
  <testcase name="validateFormAfterSubmit" time="3.520" classname="com.cybage.assignment.test.toolsqaFormPageTest"/>
</testsuite> <!-- com.cybage.assignment.test.toolsqaFormPageTest -->
