<?xml version="1.0" encoding="UTF-8"?>
<!-- Generated by org.testng.reporters.JUnitReportReporter -->
<testsuite skipped="0" hostname="sachintaw-w10" name="com.cybage.assignment.test.alertFrameWindowPageTest" tests="6" failures="0" timestamp="04 Oct 2021 05:28:46 GMT" time="47.355" errors="0">
  <testcase name="validatePresenceOfAlertFrameWindowOptions" time="3.249" classname="com.cybage.assignment.test.alertFrameWindowPageTest"/>
  <testcase name="validateModalDialogsOperation" time="3.838" classname="com.cybage.assignment.test.alertFrameWindowPageTest"/>
  <testcase name="validateIFrameOperations" time="7.541" classname="com.cybage.assignment.test.alertFrameWindowPageTest"/>
  <testcase name="validateBrowserWindowOptions" time="7.944" classname="com.cybage.assignment.test.alertFrameWindowPageTest"/>
  <testcase name="validateAlertsOption" time="21.273" classname="com.cybage.assignment.test.alertFrameWindowPageTest"/>
  <testcase name="validateNestedFramesOperation" time="3.510" classname="com.cybage.assignment.test.alertFrameWindowPageTest"/>
</testsuite> <!-- com.cybage.assignment.test.alertFrameWindowPageTest -->
