<?xml version="1.0" encoding="UTF-8"?>
<!-- Generated by org.testng.reporters.JUnitReportReporter -->
<testsuite skipped="0" hostname="sachintaw-w10" name="com.cybage.assignment.test.toolsqaFormPageTest" tests="3" failures="0" timestamp="01 Oct 2021 05:03:07 GMT" time="16.505" errors="0">
  <testcase name="validatePracticeFormOption" time="5.273" classname="com.cybage.assignment.test.toolsqaFormPageTest"/>
  <testcase name="validateFormFilling" time="7.824" classname="com.cybage.assignment.test.toolsqaFormPageTest"/>
  <testcase name="validateFormAfterSubmit" time="3.408" classname="com.cybage.assignment.test.toolsqaFormPageTest"/>
</testsuite> <!-- com.cybage.assignment.test.toolsqaFormPageTest -->
